<?xml version="1.0" encoding="UTF-8"?>
<!-- Generated by org.testng.reporters.JUnitReportReporter -->
<testsuite hostname="DESKTOP-0C2MA94" failures="0" tests="4" name="MyTestCasesSauceLap.MainTestCases" time="7.780" errors="0" timestamp="2025-01-22T03:47:29 EET" skipped="1">
  <testcase classname="MyTestCasesSauceLap.MainTestCases" name="Login" time="6.270"/>
  <system-out/>
  <testcase classname="MyTestCasesSauceLap.MainTestCases" name="AddRandomIteams" time="0.054"/>
  <system-out/>
  <testcase classname="MyTestCasesSauceLap.MainTestCases" name="CheckOutProces" time="1.456"/>
  <system-out/>
  <testcase classname="MyTestCasesSauceLap.MainTestCases" name="AddAllIteams">
    <skipped/>
  </testcase> <!-- AddAllIteams -->
  <system-out/>
</testsuite> <!-- MyTestCasesSauceLap.MainTestCases -->
